CRITICAL - 2024-02-14 12:53:45 --> Error: Cannot call constructor
in APPPATH\Controllers\Home.php on line 11.
 1 SYSTEMPATH\CodeIgniter.php(913): App\Controllers\Home->__construct()
 2 SYSTEMPATH\CodeIgniter.php(493): CodeIgniter\CodeIgniter->createController()
 3 SYSTEMPATH\CodeIgniter.php(361): CodeIgniter\CodeIgniter->handleRequest(null, Object(Config\Cache), false)
 4 FCPATH\index.php(80): CodeIgniter\CodeIgniter->run()
 5 SYSTEMPATH\Commands\Server\rewrite.php(47): require_once('C:\\xampp\\htdocs\\ReTest\\public\\index.php')
CRITICAL - 2024-02-14 12:54:01 --> ErrorException: Undefined property: App\Controllers\Home::$CommonModel
in APPPATH\Controllers\Home.php on line 16.
 1 APPPATH\Controllers\Home.php(16): CodeIgniter\Debug\Exceptions->errorHandler(2, 'Undefined property: App\\Controllers\\Home::$CommonModel', 'C:\\xampp\\htdocs\\ReTest\\app\\Controllers\\Home.php', 16)
 2 SYSTEMPATH\CodeIgniter.php(941): App\Controllers\Home->index()
 3 SYSTEMPATH\CodeIgniter.php(502): CodeIgniter\CodeIgniter->runController(Object(App\Controllers\Home))
 4 SYSTEMPATH\CodeIgniter.php(361): CodeIgniter\CodeIgniter->handleRequest(null, Object(Config\Cache), false)
 5 FCPATH\index.php(80): CodeIgniter\CodeIgniter->run()
 6 SYSTEMPATH\Commands\Server\rewrite.php(47): require_once('C:\\xampp\\htdocs\\ReTest\\public\\index.php')
CRITICAL - 2024-02-14 12:54:20 --> Error: Call to undefined method App\Controllers\Home::fetch_filter_type()
in APPPATH\Controllers\Home.php on line 17.
 1 SYSTEMPATH\CodeIgniter.php(941): App\Controllers\Home->index()
 2 SYSTEMPATH\CodeIgniter.php(502): CodeIgniter\CodeIgniter->runController(Object(App\Controllers\Home))
 3 SYSTEMPATH\CodeIgniter.php(361): CodeIgniter\CodeIgniter->handleRequest(null, Object(Config\Cache), false)
 4 FCPATH\index.php(80): CodeIgniter\CodeIgniter->run()
 5 SYSTEMPATH\Commands\Server\rewrite.php(47): require_once('C:\\xampp\\htdocs\\ReTest\\public\\index.php')
CRITICAL - 2024-02-14 12:59:28 --> Error: Call to undefined method App\Controllers\Home::fetch_filter_type()
in APPPATH\Controllers\Home.php on line 17.
 1 SYSTEMPATH\CodeIgniter.php(941): App\Controllers\Home->index()
 2 SYSTEMPATH\CodeIgniter.php(502): CodeIgniter\CodeIgniter->runController(Object(App\Controllers\Home))
 3 SYSTEMPATH\CodeIgniter.php(361): CodeIgniter\CodeIgniter->handleRequest(null, Object(Config\Cache), false)
 4 FCPATH\index.php(80): CodeIgniter\CodeIgniter->run()
 5 SYSTEMPATH\Commands\Server\rewrite.php(47): require_once('C:\\xampp\\htdocs\\ReTest\\public\\index.php')
CRITICAL - 2024-02-14 13:46:42 --> Error: Call to undefined method App\Controllers\Home::fetch_filter_type()
in APPPATH\Controllers\Home.php on line 17.
 1 SYSTEMPATH\CodeIgniter.php(941): App\Controllers\Home->index()
 2 SYSTEMPATH\CodeIgniter.php(502): CodeIgniter\CodeIgniter->runController(Object(App\Controllers\Home))
 3 SYSTEMPATH\CodeIgniter.php(361): CodeIgniter\CodeIgniter->handleRequest(null, Object(Config\Cache), false)
 4 FCPATH\index.php(80): CodeIgniter\CodeIgniter->run()
 5 SYSTEMPATH\Commands\Server\rewrite.php(47): require_once('C:\\xampp\\htdocs\\ReTest\\public\\index.php')
CRITICAL - 2024-02-14 14:02:06 --> Error: Call to undefined method App\Controllers\Home::fetch_filter_type()
in APPPATH\Controllers\Home.php on line 17.
 1 SYSTEMPATH\CodeIgniter.php(941): App\Controllers\Home->index()
 2 SYSTEMPATH\CodeIgniter.php(502): CodeIgniter\CodeIgniter->runController(Object(App\Controllers\Home))
 3 SYSTEMPATH\CodeIgniter.php(361): CodeIgniter\CodeIgniter->handleRequest(null, Object(Config\Cache), false)
 4 FCPATH\index.php(80): CodeIgniter\CodeIgniter->run()
 5 SYSTEMPATH\Commands\Server\rewrite.php(47): require_once('C:\\xampp\\htdocs\\ReTest\\public\\index.php')
CRITICAL - 2024-02-14 14:02:08 --> Error: Call to undefined method App\Controllers\Home::fetch_filter_type()
in APPPATH\Controllers\Home.php on line 17.
 1 SYSTEMPATH\CodeIgniter.php(941): App\Controllers\Home->index()
 2 SYSTEMPATH\CodeIgniter.php(502): CodeIgniter\CodeIgniter->runController(Object(App\Controllers\Home))
 3 SYSTEMPATH\CodeIgniter.php(361): CodeIgniter\CodeIgniter->handleRequest(null, Object(Config\Cache), false)
 4 FCPATH\index.php(80): CodeIgniter\CodeIgniter->run()
 5 SYSTEMPATH\Commands\Server\rewrite.php(47): require_once('C:\\xampp\\htdocs\\ReTest\\public\\index.php')
CRITICAL - 2024-02-14 14:02:08 --> Error: Call to undefined method App\Controllers\Home::fetch_filter_type()
in APPPATH\Controllers\Home.php on line 17.
 1 SYSTEMPATH\CodeIgniter.php(941): App\Controllers\Home->index()
 2 SYSTEMPATH\CodeIgniter.php(502): CodeIgniter\CodeIgniter->runController(Object(App\Controllers\Home))
 3 SYSTEMPATH\CodeIgniter.php(361): CodeIgniter\CodeIgniter->handleRequest(null, Object(Config\Cache), false)
 4 FCPATH\index.php(80): CodeIgniter\CodeIgniter->run()
 5 SYSTEMPATH\Commands\Server\rewrite.php(47): require_once('C:\\xampp\\htdocs\\ReTest\\public\\index.php')
CRITICAL - 2024-02-14 14:02:13 --> ErrorException: Undefined variable $product_category
in APPPATH\Views\welcome_message.php on line 30.
 1 APPPATH\Views\welcome_message.php(30): CodeIgniter\Debug\Exceptions->errorHandler(2, 'Undefined variable $product_category', 'C:\\xampp\\htdocs\\ReTest\\app\\Views\\welcome_message.php', 30)
 2 SYSTEMPATH\View\View.php(228): include('C:\\xampp\\htdocs\\ReTest\\app\\Views\\welcome_message.php')
 3 SYSTEMPATH\View\View.php(231): CodeIgniter\View\View->CodeIgniter\View\{closure}()
 4 SYSTEMPATH\Common.php(1178): CodeIgniter\View\View->render('welcome_message', [], true)
 5 APPPATH\Controllers\Home.php(25): view('welcome_message', [...])
 6 SYSTEMPATH\CodeIgniter.php(941): App\Controllers\Home->index()
 7 SYSTEMPATH\CodeIgniter.php(502): CodeIgniter\CodeIgniter->runController(Object(App\Controllers\Home))
 8 SYSTEMPATH\CodeIgniter.php(361): CodeIgniter\CodeIgniter->handleRequest(null, Object(Config\Cache), false)
 9 FCPATH\index.php(80): CodeIgniter\CodeIgniter->run()
10 SYSTEMPATH\Commands\Server\rewrite.php(47): require_once('C:\\xampp\\htdocs\\ReTest\\public\\index.php')
CRITICAL - 2024-02-14 14:18:01 --> Error: Class "App\Controllers\FormModel" not found
in APPPATH\Controllers\Home.php on line 30.
 1 SYSTEMPATH\CodeIgniter.php(941): App\Controllers\Home->search()
 2 SYSTEMPATH\CodeIgniter.php(502): CodeIgniter\CodeIgniter->runController(Object(App\Controllers\Home))
 3 SYSTEMPATH\CodeIgniter.php(361): CodeIgniter\CodeIgniter->handleRequest(null, Object(Config\Cache), false)
 4 FCPATH\index.php(80): CodeIgniter\CodeIgniter->run()
 5 SYSTEMPATH\Commands\Server\rewrite.php(47): require_once('C:\\xampp\\htdocs\\ReTest\\public\\index.php')
CRITICAL - 2024-02-14 14:18:32 --> ErrorException: Undefined variable $result
in APPPATH\Views\welcome_message.php on line 31.
 1 APPPATH\Views\welcome_message.php(31): CodeIgniter\Debug\Exceptions->errorHandler(2, 'Undefined variable $result', 'C:\\xampp\\htdocs\\ReTest\\app\\Views\\welcome_message.php', 31)
 2 SYSTEMPATH\View\View.php(228): include('C:\\xampp\\htdocs\\ReTest\\app\\Views\\welcome_message.php')
 3 SYSTEMPATH\View\View.php(231): CodeIgniter\View\View->CodeIgniter\View\{closure}()
 4 SYSTEMPATH\Common.php(1178): CodeIgniter\View\View->render('welcome_message', [], true)
 5 APPPATH\Controllers\Home.php(33): view('welcome_message', [...])
 6 SYSTEMPATH\CodeIgniter.php(941): App\Controllers\Home->search()
 7 SYSTEMPATH\CodeIgniter.php(502): CodeIgniter\CodeIgniter->runController(Object(App\Controllers\Home))
 8 SYSTEMPATH\CodeIgniter.php(361): CodeIgniter\CodeIgniter->handleRequest(null, Object(Config\Cache), false)
 9 FCPATH\index.php(80): CodeIgniter\CodeIgniter->run()
10 SYSTEMPATH\Commands\Server\rewrite.php(47): require_once('C:\\xampp\\htdocs\\ReTest\\public\\index.php')
CRITICAL - 2024-02-14 17:13:39 --> ParseError: syntax error, unexpected end of file
in APPPATH\Views\search_form.php on line 111.
 1 SYSTEMPATH\View\View.php(231): CodeIgniter\View\View->CodeIgniter\View\{closure}()
 2 SYSTEMPATH\Common.php(1178): CodeIgniter\View\View->render('search_form', [], true)
 3 APPPATH\Controllers\FormController.php(20): view('search_form', [...])
 4 SYSTEMPATH\CodeIgniter.php(941): App\Controllers\FormController->search()
 5 SYSTEMPATH\CodeIgniter.php(502): CodeIgniter\CodeIgniter->runController(Object(App\Controllers\FormController))
 6 SYSTEMPATH\CodeIgniter.php(361): CodeIgniter\CodeIgniter->handleRequest(null, Object(Config\Cache), false)
 7 FCPATH\index.php(80): CodeIgniter\CodeIgniter->run()
 8 SYSTEMPATH\Commands\Server\rewrite.php(47): require_once('C:\\xampp\\htdocs\\ReTest\\public\\index.php')
CRITICAL - 2024-02-14 18:25:27 --> ArgumentCountError: Too few arguments to function App\Models\FormModel::getcategorydata(), 1 passed in C:\xampp\htdocs\ReTest\app\Controllers\FormController.php on line 31 and at least 2 expected
in APPPATH\Models\FormModel.php on line 25.
 1 APPPATH\Controllers\FormController.php(31): App\Models\FormModel->getcategorydata('Burger')
 2 SYSTEMPATH\CodeIgniter.php(941): App\Controllers\FormController->categorysearch()
 3 SYSTEMPATH\CodeIgniter.php(502): CodeIgniter\CodeIgniter->runController(Object(App\Controllers\FormController))
 4 SYSTEMPATH\CodeIgniter.php(361): CodeIgniter\CodeIgniter->handleRequest(null, Object(Config\Cache), false)
 5 FCPATH\index.php(80): CodeIgniter\CodeIgniter->run()
 6 SYSTEMPATH\Commands\Server\rewrite.php(47): require_once('C:\\xampp\\htdocs\\ReTest\\public\\index.php')
CRITICAL - 2024-02-14 19:40:42 --> ErrorException: Undefined variable $category
in APPPATH\Views\search_form.php on line 46.
 1 APPPATH\Views\search_form.php(46): CodeIgniter\Debug\Exceptions->errorHandler(2, 'Undefined variable $category', 'C:\\xampp\\htdocs\\ReTest\\app\\Views\\search_form.php', 46)
 2 SYSTEMPATH\View\View.php(228): include('C:\\xampp\\htdocs\\ReTest\\app\\Views\\search_form.php')
 3 SYSTEMPATH\View\View.php(231): CodeIgniter\View\View->CodeIgniter\View\{closure}()
 4 SYSTEMPATH\Common.php(1178): CodeIgniter\View\View->render('search_form', [], true)
 5 APPPATH\Controllers\FormController.php(29): view('search_form', [...])
 6 SYSTEMPATH\CodeIgniter.php(941): App\Controllers\FormController->categorysearch()
 7 SYSTEMPATH\CodeIgniter.php(502): CodeIgniter\CodeIgniter->runController(Object(App\Controllers\FormController))
 8 SYSTEMPATH\CodeIgniter.php(361): CodeIgniter\CodeIgniter->handleRequest(null, Object(Config\Cache), false)
 9 FCPATH\index.php(80): CodeIgniter\CodeIgniter->run()
10 SYSTEMPATH\Commands\Server\rewrite.php(47): require_once('C:\\xampp\\htdocs\\ReTest\\public\\index.php')
CRITICAL - 2024-02-14 20:13:25 --> ErrorException: Undefined variable $products
in APPPATH\Views\search_form.php on line 45.
 1 APPPATH\Views\search_form.php(45): CodeIgniter\Debug\Exceptions->errorHandler(2, 'Undefined variable $products', 'C:\\xampp\\htdocs\\ReTest\\app\\Views\\search_form.php', 45)
 2 SYSTEMPATH\View\View.php(228): include('C:\\xampp\\htdocs\\ReTest\\app\\Views\\search_form.php')
 3 SYSTEMPATH\View\View.php(231): CodeIgniter\View\View->CodeIgniter\View\{closure}()
 4 SYSTEMPATH\Common.php(1178): CodeIgniter\View\View->render('search_form', [], true)
 5 APPPATH\Controllers\FormController.php(30): view('search_form', [...])
 6 SYSTEMPATH\CodeIgniter.php(941): App\Controllers\FormController->categorysearch()
 7 SYSTEMPATH\CodeIgniter.php(502): CodeIgniter\CodeIgniter->runController(Object(App\Controllers\FormController))
 8 SYSTEMPATH\CodeIgniter.php(361): CodeIgniter\CodeIgniter->handleRequest(null, Object(Config\Cache), false)
 9 FCPATH\index.php(80): CodeIgniter\CodeIgniter->run()
10 SYSTEMPATH\Commands\Server\rewrite.php(47): require_once('C:\\xampp\\htdocs\\ReTest\\public\\index.php')
CRITICAL - 2024-02-14 20:14:57 --> Error: Cannot use object of type stdClass as array
in APPPATH\Views\search_form.php on line 46.
 1 SYSTEMPATH\View\View.php(228): include()
 2 SYSTEMPATH\View\View.php(231): CodeIgniter\View\View->CodeIgniter\View\{closure}()
 3 SYSTEMPATH\Common.php(1178): CodeIgniter\View\View->render('search_form', [], true)
 4 APPPATH\Controllers\FormController.php(30): view('search_form', [...])
 5 SYSTEMPATH\CodeIgniter.php(941): App\Controllers\FormController->categorysearch()
 6 SYSTEMPATH\CodeIgniter.php(502): CodeIgniter\CodeIgniter->runController(Object(App\Controllers\FormController))
 7 SYSTEMPATH\CodeIgniter.php(361): CodeIgniter\CodeIgniter->handleRequest(null, Object(Config\Cache), false)
 8 FCPATH\index.php(80): CodeIgniter\CodeIgniter->run()
 9 SYSTEMPATH\Commands\Server\rewrite.php(47): require_once('C:\\xampp\\htdocs\\ReTest\\public\\index.php')
CRITICAL - 2024-02-14 20:16:58 --> ErrorException: Undefined variable $products
in APPPATH\Views\search_form.php on line 45.
 1 APPPATH\Views\search_form.php(45): CodeIgniter\Debug\Exceptions->errorHandler(2, 'Undefined variable $products', 'C:\\xampp\\htdocs\\ReTest\\app\\Views\\search_form.php', 45)
 2 SYSTEMPATH\View\View.php(228): include('C:\\xampp\\htdocs\\ReTest\\app\\Views\\search_form.php')
 3 SYSTEMPATH\View\View.php(231): CodeIgniter\View\View->CodeIgniter\View\{closure}()
 4 SYSTEMPATH\Common.php(1178): CodeIgniter\View\View->render('search_form', [], true)
 5 APPPATH\Controllers\FormController.php(30): view('search_form', [...])
 6 SYSTEMPATH\CodeIgniter.php(941): App\Controllers\FormController->categorysearch()
 7 SYSTEMPATH\CodeIgniter.php(502): CodeIgniter\CodeIgniter->runController(Object(App\Controllers\FormController))
 8 SYSTEMPATH\CodeIgniter.php(361): CodeIgniter\CodeIgniter->handleRequest(null, Object(Config\Cache), false)
 9 FCPATH\index.php(80): CodeIgniter\CodeIgniter->run()
10 SYSTEMPATH\Commands\Server\rewrite.php(47): require_once('C:\\xampp\\htdocs\\ReTest\\public\\index.php')
CRITICAL - 2024-02-14 20:21:02 --> ErrorException: Undefined variable $products
in APPPATH\Views\search_form.php on line 45.
 1 APPPATH\Views\search_form.php(45): CodeIgniter\Debug\Exceptions->errorHandler(2, 'Undefined variable $products', 'C:\\xampp\\htdocs\\ReTest\\app\\Views\\search_form.php', 45)
 2 SYSTEMPATH\View\View.php(228): include('C:\\xampp\\htdocs\\ReTest\\app\\Views\\search_form.php')
 3 SYSTEMPATH\View\View.php(231): CodeIgniter\View\View->CodeIgniter\View\{closure}()
 4 SYSTEMPATH\Common.php(1178): CodeIgniter\View\View->render('search_form', [], true)
 5 APPPATH\Controllers\FormController.php(30): view('search_form', [...])
 6 SYSTEMPATH\CodeIgniter.php(941): App\Controllers\FormController->categorysearch()
 7 SYSTEMPATH\CodeIgniter.php(502): CodeIgniter\CodeIgniter->runController(Object(App\Controllers\FormController))
 8 SYSTEMPATH\CodeIgniter.php(361): CodeIgniter\CodeIgniter->handleRequest(null, Object(Config\Cache), false)
 9 FCPATH\index.php(80): CodeIgniter\CodeIgniter->run()
10 SYSTEMPATH\Commands\Server\rewrite.php(47): require_once('C:\\xampp\\htdocs\\ReTest\\public\\index.php')
CRITICAL - 2024-02-14 20:21:24 --> ErrorException: Undefined variable $merged
in APPPATH\Views\search_form.php on line 45.
 1 APPPATH\Views\search_form.php(45): CodeIgniter\Debug\Exceptions->errorHandler(2, 'Undefined variable $merged', 'C:\\xampp\\htdocs\\ReTest\\app\\Views\\search_form.php', 45)
 2 SYSTEMPATH\View\View.php(228): include('C:\\xampp\\htdocs\\ReTest\\app\\Views\\search_form.php')
 3 SYSTEMPATH\View\View.php(231): CodeIgniter\View\View->CodeIgniter\View\{closure}()
 4 SYSTEMPATH\Common.php(1178): CodeIgniter\View\View->render('search_form', [], true)
 5 APPPATH\Controllers\FormController.php(30): view('search_form', [...])
 6 SYSTEMPATH\CodeIgniter.php(941): App\Controllers\FormController->categorysearch()
 7 SYSTEMPATH\CodeIgniter.php(502): CodeIgniter\CodeIgniter->runController(Object(App\Controllers\FormController))
 8 SYSTEMPATH\CodeIgniter.php(361): CodeIgniter\CodeIgniter->handleRequest(null, Object(Config\Cache), false)
 9 FCPATH\index.php(80): CodeIgniter\CodeIgniter->run()
10 SYSTEMPATH\Commands\Server\rewrite.php(47): require_once('C:\\xampp\\htdocs\\ReTest\\public\\index.php')
CRITICAL - 2024-02-14 20:28:47 --> ErrorException: Undefined variable $merged
in APPPATH\Views\search_form.php on line 45.
 1 APPPATH\Views\search_form.php(45): CodeIgniter\Debug\Exceptions->errorHandler(2, 'Undefined variable $merged', 'C:\\xampp\\htdocs\\ReTest\\app\\Views\\search_form.php', 45)
 2 SYSTEMPATH\View\View.php(228): include('C:\\xampp\\htdocs\\ReTest\\app\\Views\\search_form.php')
 3 SYSTEMPATH\View\View.php(231): CodeIgniter\View\View->CodeIgniter\View\{closure}()
 4 SYSTEMPATH\Common.php(1178): CodeIgniter\View\View->render('search_form', [], true)
 5 APPPATH\Controllers\FormController.php(33): view('search_form', [...])
 6 SYSTEMPATH\CodeIgniter.php(941): App\Controllers\FormController->categorysearch()
 7 SYSTEMPATH\CodeIgniter.php(502): CodeIgniter\CodeIgniter->runController(Object(App\Controllers\FormController))
 8 SYSTEMPATH\CodeIgniter.php(361): CodeIgniter\CodeIgniter->handleRequest(null, Object(Config\Cache), false)
 9 FCPATH\index.php(80): CodeIgniter\CodeIgniter->run()
10 SYSTEMPATH\Commands\Server\rewrite.php(47): require_once('C:\\xampp\\htdocs\\ReTest\\public\\index.php')
CRITICAL - 2024-02-14 20:29:03 --> ErrorException: Undefined variable $products
in APPPATH\Views\search_form.php on line 45.
 1 APPPATH\Views\search_form.php(45): CodeIgniter\Debug\Exceptions->errorHandler(2, 'Undefined variable $products', 'C:\\xampp\\htdocs\\ReTest\\app\\Views\\search_form.php', 45)
 2 SYSTEMPATH\View\View.php(228): include('C:\\xampp\\htdocs\\ReTest\\app\\Views\\search_form.php')
 3 SYSTEMPATH\View\View.php(231): CodeIgniter\View\View->CodeIgniter\View\{closure}()
 4 SYSTEMPATH\Common.php(1178): CodeIgniter\View\View->render('search_form', [], true)
 5 APPPATH\Controllers\FormController.php(33): view('search_form', [...])
 6 SYSTEMPATH\CodeIgniter.php(941): App\Controllers\FormController->categorysearch()
 7 SYSTEMPATH\CodeIgniter.php(502): CodeIgniter\CodeIgniter->runController(Object(App\Controllers\FormController))
 8 SYSTEMPATH\CodeIgniter.php(361): CodeIgniter\CodeIgniter->handleRequest(null, Object(Config\Cache), false)
 9 FCPATH\index.php(80): CodeIgniter\CodeIgniter->run()
10 SYSTEMPATH\Commands\Server\rewrite.php(47): require_once('C:\\xampp\\htdocs\\ReTest\\public\\index.php')
CRITICAL - 2024-02-14 20:30:26 --> ErrorException: Undefined variable $products
in APPPATH\Views\search_form.php on line 45.
 1 APPPATH\Views\search_form.php(45): CodeIgniter\Debug\Exceptions->errorHandler(2, 'Undefined variable $products', 'C:\\xampp\\htdocs\\ReTest\\app\\Views\\search_form.php', 45)
 2 SYSTEMPATH\View\View.php(228): include('C:\\xampp\\htdocs\\ReTest\\app\\Views\\search_form.php')
 3 SYSTEMPATH\View\View.php(231): CodeIgniter\View\View->CodeIgniter\View\{closure}()
 4 SYSTEMPATH\Common.php(1178): CodeIgniter\View\View->render('search_form', [], true)
 5 APPPATH\Controllers\FormController.php(33): view('search_form', [...])
 6 SYSTEMPATH\CodeIgniter.php(941): App\Controllers\FormController->categorysearch()
 7 SYSTEMPATH\CodeIgniter.php(502): CodeIgniter\CodeIgniter->runController(Object(App\Controllers\FormController))
 8 SYSTEMPATH\CodeIgniter.php(361): CodeIgniter\CodeIgniter->handleRequest(null, Object(Config\Cache), false)
 9 FCPATH\index.php(80): CodeIgniter\CodeIgniter->run()
10 SYSTEMPATH\Commands\Server\rewrite.php(47): require_once('C:\\xampp\\htdocs\\ReTest\\public\\index.php')
CRITICAL - 2024-02-14 20:32:46 --> ErrorException: Undefined variable $categorydata
in APPPATH\Views\search_form.php on line 45.
 1 APPPATH\Views\search_form.php(45): CodeIgniter\Debug\Exceptions->errorHandler(2, 'Undefined variable $categorydata', 'C:\\xampp\\htdocs\\ReTest\\app\\Views\\search_form.php', 45)
 2 SYSTEMPATH\View\View.php(228): include('C:\\xampp\\htdocs\\ReTest\\app\\Views\\search_form.php')
 3 SYSTEMPATH\View\View.php(231): CodeIgniter\View\View->CodeIgniter\View\{closure}()
 4 SYSTEMPATH\Common.php(1178): CodeIgniter\View\View->render('search_form', [], true)
 5 APPPATH\Controllers\FormController.php(33): view('search_form', [...])
 6 SYSTEMPATH\CodeIgniter.php(941): App\Controllers\FormController->categorysearch()
 7 SYSTEMPATH\CodeIgniter.php(502): CodeIgniter\CodeIgniter->runController(Object(App\Controllers\FormController))
 8 SYSTEMPATH\CodeIgniter.php(361): CodeIgniter\CodeIgniter->handleRequest(null, Object(Config\Cache), false)
 9 FCPATH\index.php(80): CodeIgniter\CodeIgniter->run()
10 SYSTEMPATH\Commands\Server\rewrite.php(47): require_once('C:\\xampp\\htdocs\\ReTest\\public\\index.php')
CRITICAL - 2024-02-14 20:33:39 --> ErrorException: Undefined variable $categorydata
in APPPATH\Views\search_form.php on line 45.
 1 APPPATH\Views\search_form.php(45): CodeIgniter\Debug\Exceptions->errorHandler(2, 'Undefined variable $categorydata', 'C:\\xampp\\htdocs\\ReTest\\app\\Views\\search_form.php', 45)
 2 SYSTEMPATH\View\View.php(228): include('C:\\xampp\\htdocs\\ReTest\\app\\Views\\search_form.php')
 3 SYSTEMPATH\View\View.php(231): CodeIgniter\View\View->CodeIgniter\View\{closure}()
 4 SYSTEMPATH\Common.php(1178): CodeIgniter\View\View->render('search_form', [], true)
 5 APPPATH\Controllers\FormController.php(33): view('search_form', [...])
 6 SYSTEMPATH\CodeIgniter.php(941): App\Controllers\FormController->categorysearch()
 7 SYSTEMPATH\CodeIgniter.php(502): CodeIgniter\CodeIgniter->runController(Object(App\Controllers\FormController))
 8 SYSTEMPATH\CodeIgniter.php(361): CodeIgniter\CodeIgniter->handleRequest(null, Object(Config\Cache), false)
 9 FCPATH\index.php(80): CodeIgniter\CodeIgniter->run()
10 SYSTEMPATH\Commands\Server\rewrite.php(47): require_once('C:\\xampp\\htdocs\\ReTest\\public\\index.php')
