CRITICAL - 2024-02-06 09:34:56 --> ErrorException: Undefined variable $fetchRecord
in APPPATH\Controllers\Home.php on line 14.
 1 APPPATH\Controllers\Home.php(14): CodeIgniter\Debug\Exceptions->errorHandler(2, 'Undefined variable $fetchRecord', 'C:\\xampp\\htdocs\\testApp\\app\\Controllers\\Home.php', 14)
 2 SYSTEMPATH\CodeIgniter.php(941): App\Controllers\Home->index()
 3 SYSTEMPATH\CodeIgniter.php(502): CodeIgniter\CodeIgniter->runController(Object(App\Controllers\Home))
 4 SYSTEMPATH\CodeIgniter.php(361): CodeIgniter\CodeIgniter->handleRequest(null, Object(Config\Cache), false)
 5 FCPATH\index.php(80): CodeIgniter\CodeIgniter->run()
 6 SYSTEMPATH\Commands\Server\rewrite.php(47): require_once('C:\\xampp\\htdocs\\testApp\\public\\index.php')
CRITICAL - 2024-02-06 09:45:54 --> ErrorException: Undefined variable $data
in APPPATH\Controllers\Home.php on line 25.
 1 APPPATH\Controllers\Home.php(25): CodeIgniter\Debug\Exceptions->errorHandler(2, 'Undefined variable $data', 'C:\\xampp\\htdocs\\testApp\\app\\Controllers\\Home.php', 25)
 2 SYSTEMPATH\CodeIgniter.php(941): App\Controllers\Home->index()
 3 SYSTEMPATH\CodeIgniter.php(502): CodeIgniter\CodeIgniter->runController(Object(App\Controllers\Home))
 4 SYSTEMPATH\CodeIgniter.php(361): CodeIgniter\CodeIgniter->handleRequest(null, Object(Config\Cache), false)
 5 FCPATH\index.php(80): CodeIgniter\CodeIgniter->run()
 6 SYSTEMPATH\Commands\Server\rewrite.php(47): require_once('C:\\xampp\\htdocs\\testApp\\public\\index.php')
CRITICAL - 2024-02-06 09:46:12 --> ErrorException: Undefined variable $result
in APPPATH\Views\welcome_message.php on line 27.
 1 APPPATH\Views\welcome_message.php(27): CodeIgniter\Debug\Exceptions->errorHandler(2, 'Undefined variable $result', 'C:\\xampp\\htdocs\\testApp\\app\\Views\\welcome_message.php', 27)
 2 SYSTEMPATH\View\View.php(228): include('C:\\xampp\\htdocs\\testApp\\app\\Views\\welcome_message.php')
 3 SYSTEMPATH\View\View.php(231): CodeIgniter\View\View->CodeIgniter\View\{closure}()
 4 SYSTEMPATH\Common.php(1178): CodeIgniter\View\View->render('welcome_message', [], true)
 5 APPPATH\Controllers\Home.php(25): view('welcome_message', [...])
 6 SYSTEMPATH\CodeIgniter.php(941): App\Controllers\Home->index()
 7 SYSTEMPATH\CodeIgniter.php(502): CodeIgniter\CodeIgniter->runController(Object(App\Controllers\Home))
 8 SYSTEMPATH\CodeIgniter.php(361): CodeIgniter\CodeIgniter->handleRequest(null, Object(Config\Cache), false)
 9 FCPATH\index.php(80): CodeIgniter\CodeIgniter->run()
10 SYSTEMPATH\Commands\Server\rewrite.php(47): require_once('C:\\xampp\\htdocs\\testApp\\public\\index.php')
CRITICAL - 2024-02-06 09:46:28 --> ErrorException: Undefined variable $result
in APPPATH\Views\welcome_message.php on line 27.
 1 APPPATH\Views\welcome_message.php(27): CodeIgniter\Debug\Exceptions->errorHandler(2, 'Undefined variable $result', 'C:\\xampp\\htdocs\\testApp\\app\\Views\\welcome_message.php', 27)
 2 SYSTEMPATH\View\View.php(228): include('C:\\xampp\\htdocs\\testApp\\app\\Views\\welcome_message.php')
 3 SYSTEMPATH\View\View.php(231): CodeIgniter\View\View->CodeIgniter\View\{closure}()
 4 SYSTEMPATH\Common.php(1178): CodeIgniter\View\View->render('welcome_message', [], true)
 5 APPPATH\Controllers\Home.php(25): view('welcome_message', [...])
 6 SYSTEMPATH\CodeIgniter.php(941): App\Controllers\Home->index()
 7 SYSTEMPATH\CodeIgniter.php(502): CodeIgniter\CodeIgniter->runController(Object(App\Controllers\Home))
 8 SYSTEMPATH\CodeIgniter.php(361): CodeIgniter\CodeIgniter->handleRequest(null, Object(Config\Cache), false)
 9 FCPATH\index.php(80): CodeIgniter\CodeIgniter->run()
10 SYSTEMPATH\Commands\Server\rewrite.php(47): require_once('C:\\xampp\\htdocs\\testApp\\public\\index.php')
CRITICAL - 2024-02-06 09:46:29 --> ErrorException: Undefined variable $result
in APPPATH\Views\welcome_message.php on line 27.
 1 APPPATH\Views\welcome_message.php(27): CodeIgniter\Debug\Exceptions->errorHandler(2, 'Undefined variable $result', 'C:\\xampp\\htdocs\\testApp\\app\\Views\\welcome_message.php', 27)
 2 SYSTEMPATH\View\View.php(228): include('C:\\xampp\\htdocs\\testApp\\app\\Views\\welcome_message.php')
 3 SYSTEMPATH\View\View.php(231): CodeIgniter\View\View->CodeIgniter\View\{closure}()
 4 SYSTEMPATH\Common.php(1178): CodeIgniter\View\View->render('welcome_message', [], true)
 5 APPPATH\Controllers\Home.php(25): view('welcome_message', [...])
 6 SYSTEMPATH\CodeIgniter.php(941): App\Controllers\Home->index()
 7 SYSTEMPATH\CodeIgniter.php(502): CodeIgniter\CodeIgniter->runController(Object(App\Controllers\Home))
 8 SYSTEMPATH\CodeIgniter.php(361): CodeIgniter\CodeIgniter->handleRequest(null, Object(Config\Cache), false)
 9 FCPATH\index.php(80): CodeIgniter\CodeIgniter->run()
10 SYSTEMPATH\Commands\Server\rewrite.php(47): require_once('C:\\xampp\\htdocs\\testApp\\public\\index.php')
CRITICAL - 2024-02-06 09:46:30 --> ErrorException: Undefined variable $result
in APPPATH\Views\welcome_message.php on line 27.
 1 APPPATH\Views\welcome_message.php(27): CodeIgniter\Debug\Exceptions->errorHandler(2, 'Undefined variable $result', 'C:\\xampp\\htdocs\\testApp\\app\\Views\\welcome_message.php', 27)
 2 SYSTEMPATH\View\View.php(228): include('C:\\xampp\\htdocs\\testApp\\app\\Views\\welcome_message.php')
 3 SYSTEMPATH\View\View.php(231): CodeIgniter\View\View->CodeIgniter\View\{closure}()
 4 SYSTEMPATH\Common.php(1178): CodeIgniter\View\View->render('welcome_message', [], true)
 5 APPPATH\Controllers\Home.php(25): view('welcome_message', [...])
 6 SYSTEMPATH\CodeIgniter.php(941): App\Controllers\Home->index()
 7 SYSTEMPATH\CodeIgniter.php(502): CodeIgniter\CodeIgniter->runController(Object(App\Controllers\Home))
 8 SYSTEMPATH\CodeIgniter.php(361): CodeIgniter\CodeIgniter->handleRequest(null, Object(Config\Cache), false)
 9 FCPATH\index.php(80): CodeIgniter\CodeIgniter->run()
10 SYSTEMPATH\Commands\Server\rewrite.php(47): require_once('C:\\xampp\\htdocs\\testApp\\public\\index.php')
CRITICAL - 2024-02-06 10:06:12 --> CodeIgniter\Database\Exceptions\DatabaseException: You must set the database table to be used with your query.
in SYSTEMPATH\Database\BaseConnection.php on line 884.
 1 SYSTEMPATH\Model.php(662): CodeIgniter\Database\BaseConnection->table(null)
 2 SYSTEMPATH\Model.php(864): CodeIgniter\Model->builder()
 3 APPPATH\Controllers\Home.php(13): CodeIgniter\Model->__call('selectRecord', [...])
 4 SYSTEMPATH\CodeIgniter.php(941): App\Controllers\Home->index()
 5 SYSTEMPATH\CodeIgniter.php(502): CodeIgniter\CodeIgniter->runController(Object(App\Controllers\Home))
 6 SYSTEMPATH\CodeIgniter.php(361): CodeIgniter\CodeIgniter->handleRequest(null, Object(Config\Cache), false)
 7 FCPATH\index.php(80): CodeIgniter\CodeIgniter->run()
 8 SYSTEMPATH\Commands\Server\rewrite.php(47): require_once('C:\\xampp\\htdocs\\testApp\\public\\index.php')
CRITICAL - 2024-02-06 10:06:12 --> CodeIgniter\Database\Exceptions\DatabaseException: You must set the database table to be used with your query.
in SYSTEMPATH\Database\BaseConnection.php on line 884.
 1 SYSTEMPATH\Model.php(662): CodeIgniter\Database\BaseConnection->table(null)
 2 SYSTEMPATH\Model.php(864): CodeIgniter\Model->builder()
 3 APPPATH\Controllers\Home.php(13): CodeIgniter\Model->__call('selectRecord', [...])
 4 SYSTEMPATH\CodeIgniter.php(941): App\Controllers\Home->index()
 5 SYSTEMPATH\CodeIgniter.php(502): CodeIgniter\CodeIgniter->runController(Object(App\Controllers\Home))
 6 SYSTEMPATH\CodeIgniter.php(361): CodeIgniter\CodeIgniter->handleRequest(null, Object(Config\Cache), false)
 7 FCPATH\index.php(80): CodeIgniter\CodeIgniter->run()
 8 SYSTEMPATH\Commands\Server\rewrite.php(47): require_once('C:\\xampp\\htdocs\\testApp\\public\\index.php')
CRITICAL - 2024-02-06 10:06:39 --> CodeIgniter\Database\Exceptions\DatabaseException: You must set the database table to be used with your query.
in SYSTEMPATH\Database\BaseConnection.php on line 884.
 1 SYSTEMPATH\Model.php(662): CodeIgniter\Database\BaseConnection->table(null)
 2 SYSTEMPATH\Model.php(864): CodeIgniter\Model->builder()
 3 APPPATH\Controllers\Home.php(13): CodeIgniter\Model->__call('selectRecord', [...])
 4 SYSTEMPATH\CodeIgniter.php(941): App\Controllers\Home->index()
 5 SYSTEMPATH\CodeIgniter.php(502): CodeIgniter\CodeIgniter->runController(Object(App\Controllers\Home))
 6 SYSTEMPATH\CodeIgniter.php(361): CodeIgniter\CodeIgniter->handleRequest(null, Object(Config\Cache), false)
 7 FCPATH\index.php(80): CodeIgniter\CodeIgniter->run()
 8 SYSTEMPATH\Commands\Server\rewrite.php(47): require_once('C:\\xampp\\htdocs\\testApp\\public\\index.php')
CRITICAL - 2024-02-06 10:06:40 --> CodeIgniter\Database\Exceptions\DatabaseException: You must set the database table to be used with your query.
in SYSTEMPATH\Database\BaseConnection.php on line 884.
 1 SYSTEMPATH\Model.php(662): CodeIgniter\Database\BaseConnection->table(null)
 2 SYSTEMPATH\Model.php(864): CodeIgniter\Model->builder()
 3 APPPATH\Controllers\Home.php(13): CodeIgniter\Model->__call('selectRecord', [...])
 4 SYSTEMPATH\CodeIgniter.php(941): App\Controllers\Home->index()
 5 SYSTEMPATH\CodeIgniter.php(502): CodeIgniter\CodeIgniter->runController(Object(App\Controllers\Home))
 6 SYSTEMPATH\CodeIgniter.php(361): CodeIgniter\CodeIgniter->handleRequest(null, Object(Config\Cache), false)
 7 FCPATH\index.php(80): CodeIgniter\CodeIgniter->run()
 8 SYSTEMPATH\Commands\Server\rewrite.php(47): require_once('C:\\xampp\\htdocs\\testApp\\public\\index.php')
